\BOOKMARK [0][-]{Doc-Start}{AERO 430 \205 Numerical Simulation \040Second-Order Linear Ordinary Differential Equation Boundary-Value Problem for 1-D Convection-Diffusion Equation \040Ross B. Alexander}{}% 1
\BOOKMARK [1][-]{section.1}{Model Problem}{Doc-Start}% 2
\BOOKMARK [1][-]{section.2}{Analytical Solution}{Doc-Start}% 3
\BOOKMARK [2][-]{subsection.2.1}{Analytical Solution to the Differential Equation}{section.2}% 4
\BOOKMARK [2][-]{subsection.2.2}{Analytical Solution to the Quantity of Interest}{section.2}% 5
\BOOKMARK [1][-]{section.3}{Numerical Methods}{Doc-Start}% 6
\BOOKMARK [2][-]{subsection.3.1}{Derivations}{section.3}% 7
\BOOKMARK [3][-]{subsubsection.3.1.1}{2nd-Order Central Difference Scheme Finite Difference Method}{subsection.3.1}% 8
\BOOKMARK [3][-]{subsubsection.3.1.2}{4th-Order Central Difference Scheme Finite Difference Method}{subsection.3.1}% 9
\BOOKMARK [3][-]{subsubsection.3.1.3}{1st-Order Upwind Scheme Finite Difference Method}{subsection.3.1}% 10
\BOOKMARK [2][-]{subsection.3.2}{Finite Difference Method Results}{section.3}% 11
\BOOKMARK [3][-]{subsubsection.3.2.1}{2nd-Order Central Difference Scheme Finite Difference Method}{subsection.3.2}% 12
\BOOKMARK [3][-]{subsubsection.3.2.2}{4th-Order Central Difference Scheme Finite Difference Method}{subsection.3.2}% 13
\BOOKMARK [3][-]{subsubsection.3.2.3}{1st-Order Upwind Scheme Finite Difference Method}{subsection.3.2}% 14
\BOOKMARK [2][-]{subsection.3.3}{Quantity of Interest Results}{section.3}% 15
\BOOKMARK [3][-]{subsubsection.3.3.1}{2nd-Order Central Difference Scheme Finite Difference Method}{subsection.3.3}% 16
\BOOKMARK [3][-]{subsubsection.3.3.2}{4th-Order Central Difference Scheme Finite Difference Method}{subsection.3.3}% 17
\BOOKMARK [3][-]{subsubsection.3.3.3}{1st-Order Upwind Scheme Finite Difference Method}{subsection.3.3}% 18
\BOOKMARK [2][-]{subsection.3.4}{Discussion}{section.3}% 19
\BOOKMARK [1][-]{section.4}{Convergence Analysis}{Doc-Start}% 20
\BOOKMARK [2][-]{subsection.4.1}{Rate of Convergence Derivation}{section.4}% 21
\BOOKMARK [2][-]{subsection.4.2}{2nd-Order Central Difference Scheme First-Derivative Extraction}{section.4}% 22
\BOOKMARK [3][-]{subsubsection.4.2.1}{Derivation}{subsection.4.2}% 23
\BOOKMARK [3][-]{subsubsection.4.2.2}{Results}{subsection.4.2}% 24
\BOOKMARK [2][-]{subsection.4.3}{4th-Order Central Difference Scheme First-Derivative Extraction}{section.4}% 25
\BOOKMARK [3][-]{subsubsection.4.3.1}{Derivation}{subsection.4.3}% 26
\BOOKMARK [3][-]{subsubsection.4.3.2}{Results}{subsection.4.3}% 27
\BOOKMARK [2][-]{subsection.4.4}{1st-Order Upwind Scheme First-Derivative Extraction}{section.4}% 28
\BOOKMARK [3][-]{subsubsection.4.4.1}{Derivation}{subsection.4.4}% 29
\BOOKMARK [3][-]{subsubsection.4.4.2}{Results}{subsection.4.4}% 30
\BOOKMARK [2][-]{subsection.4.5}{Comparison of 2nd-Order CDS, 4th-Order CDS, and 1st-Order US Finite Difference Methods}{section.4}% 31
\BOOKMARK [2][-]{subsection.4.6}{Discussion}{section.4}% 32
\BOOKMARK [1][-]{appendix.A}{u\(x\) v. uexact\(x\) Tables}{Doc-Start}% 33
\BOOKMARK [2][-]{subsection.A.1}{2nd-Order CDS FDM}{appendix.A}% 34
\BOOKMARK [2][-]{subsection.A.2}{4th-Order CDS FDM}{appendix.A}% 35
\BOOKMARK [2][-]{subsection.A.3}{1st-Order US FDM}{appendix.A}% 36
\BOOKMARK [1][-]{appendix.B}{MATLAB Code}{Doc-Start}% 37
