\BOOKMARK [0][-]{Doc-Start}{AERO 430 \205 Numerical Simulation \040Finite Difference Method for the Two-Dimensional Wave Equation and Diffusion Equation Boundary-Value Problem \040Ross B. Alexander}{}% 1
\BOOKMARK [1][-]{section.1}{Model Problems}{Doc-Start}% 2
\BOOKMARK [2][-]{subsection.1.1}{Wave Equation}{section.1}% 3
\BOOKMARK [2][-]{subsection.1.2}{Diffusion Equation}{section.1}% 4
\BOOKMARK [1][-]{section.2}{Analytical Solutions}{Doc-Start}% 5
\BOOKMARK [2][-]{subsection.2.1}{Analytical Solution of the Wave Equation}{section.2}% 6
\BOOKMARK [2][-]{subsection.2.2}{Analytical Solution of the Diffusion Equation}{section.2}% 7
\BOOKMARK [1][-]{section.3}{Numerical Methods}{Doc-Start}% 8
\BOOKMARK [2][-]{subsection.3.1}{2nd-Order Central Difference Scheme Finite Difference Method - Wave Equation}{section.3}% 9
\BOOKMARK [3][-]{subsubsection.3.1.1}{Finite Difference Method}{subsection.3.1}% 10
\BOOKMARK [3][-]{subsubsection.3.1.2}{Discretized Differential Equation}{subsection.3.1}% 11
\BOOKMARK [3][-]{subsubsection.3.1.3}{Discretized Extraction Formula}{subsection.3.1}% 12
\BOOKMARK [2][-]{subsection.3.2}{4th-Order Central Difference Scheme Finite Difference Method - Wave Equation}{section.3}% 13
\BOOKMARK [3][-]{subsubsection.3.2.1}{Finite Difference Method}{subsection.3.2}% 14
\BOOKMARK [3][-]{subsubsection.3.2.2}{Discretized Differential Equation}{subsection.3.2}% 15
\BOOKMARK [2][-]{subsection.3.3}{2nd-Order Central Difference Scheme Finite Difference Method - Diffusion Equation}{section.3}% 16
\BOOKMARK [3][-]{subsubsection.3.3.1}{Finite Difference Method}{subsection.3.3}% 17
\BOOKMARK [3][-]{subsubsection.3.3.2}{Discretized Differential Equation}{subsection.3.3}% 18
\BOOKMARK [3][-]{subsubsection.3.3.3}{Discretized Extraction Formula}{subsection.3.3}% 19
\BOOKMARK [2][-]{subsection.3.4}{4th-Order Central Difference Scheme Finite Difference Method - Diffusion Equation}{section.3}% 20
\BOOKMARK [3][-]{subsubsection.3.4.1}{Finite Difference Method}{subsection.3.4}% 21
\BOOKMARK [3][-]{subsubsection.3.4.2}{Discretized Differential Equation}{subsection.3.4}% 22
\BOOKMARK [1][-]{section.4}{Results}{Doc-Start}% 23
\BOOKMARK [2][-]{subsection.4.1}{Finite Difference Method \205 Solution Results}{section.4}% 24
\BOOKMARK [3][-]{subsubsection.4.1.1}{2nd-Order Central Difference Scheme - Wave Equation}{subsection.4.1}% 25
\BOOKMARK [3][-]{subsubsection.4.1.2}{4th-Order Central Difference Scheme - Wave Equation}{subsection.4.1}% 26
\BOOKMARK [3][-]{subsubsection.4.1.3}{2nd-Order Central Difference Scheme - Diffusion Equation}{subsection.4.1}% 27
\BOOKMARK [3][-]{subsubsection.4.1.4}{4th-Order Central Difference Scheme - Diffusion Equation}{subsection.4.1}% 28
\BOOKMARK [2][-]{subsection.4.2}{Finite Difference Method \205 Quantity of Interest Results}{section.4}% 29
\BOOKMARK [3][-]{subsubsection.4.2.1}{2nd-Order Central Difference Scheme - Wave Equation}{subsection.4.2}% 30
\BOOKMARK [3][-]{subsubsection.4.2.2}{4th-Order Central Difference Scheme - Wave Equation}{subsection.4.2}% 31
\BOOKMARK [3][-]{subsubsection.4.2.3}{2nd-Order Central Difference Scheme - Diffusion Equation}{subsection.4.2}% 32
\BOOKMARK [3][-]{subsubsection.4.2.4}{4th-Order Central Difference Scheme - Diffusion Equation}{subsection.4.2}% 33
\BOOKMARK [1][-]{section.5}{Convergence Analysis}{Doc-Start}% 34
\BOOKMARK [2][-]{subsection.5.1}{Rate of Convergence Derivation}{section.5}% 35
\BOOKMARK [2][-]{subsection.5.2}{Rate of Convergence for the Wave Equation \205 Results}{section.5}% 36
\BOOKMARK [3][-]{subsubsection.5.2.1}{2nd-Order Central Difference Scheme}{subsection.5.2}% 37
\BOOKMARK [3][-]{subsubsection.5.2.2}{4th-Order Central Difference Scheme}{subsection.5.2}% 38
\BOOKMARK [2][-]{subsection.5.3}{Rate of Convergence for the Diffusion Equation \205 Results}{section.5}% 39
\BOOKMARK [3][-]{subsubsection.5.3.1}{2nd-Order Central Difference Scheme}{subsection.5.3}% 40
\BOOKMARK [3][-]{subsubsection.5.3.2}{4th-Order Central Difference Scheme}{subsection.5.3}% 41
\BOOKMARK [1][-]{section.6}{Discussion}{Doc-Start}% 42
\BOOKMARK [1][-]{appendix.A}{MATLAB Code}{Doc-Start}% 43
\BOOKMARK [2][-]{subsection.A.1}{homework\1376\137plus\137order\1372.m}{appendix.A}% 44
\BOOKMARK [2][-]{subsection.A.2}{homework\1376\137plus\137order\1374.m}{appendix.A}% 45
\BOOKMARK [2][-]{subsection.A.3}{homework\1376\137minus\137order\1372.m}{appendix.A}% 46
\BOOKMARK [2][-]{subsection.A.4}{homework\1376\137minus\137order\1374.m}{appendix.A}% 47
\BOOKMARK [2][-]{subsection.A.5}{assemblePlus.m}{appendix.A}% 48
\BOOKMARK [2][-]{subsection.A.6}{assembleMinus.m}{appendix.A}% 49
\BOOKMARK [2][-]{subsection.A.7}{exactDerivative.m}{appendix.A}% 50
\BOOKMARK [2][-]{subsection.A.8}{exactSolution.m}{appendix.A}% 51
\BOOKMARK [2][-]{subsection.A.9}{figAvg.m}{appendix.A}% 52
\BOOKMARK [2][-]{subsection.A.10}{figContour.m}{appendix.A}% 53
\BOOKMARK [2][-]{subsection.A.11}{figRoc.m}{appendix.A}% 54
\BOOKMARK [2][-]{subsection.A.12}{figSurface.m}{appendix.A}% 55
