\BOOKMARK [0][-]{Doc-Start}{AERO 430 \205 Numerical Simulation \040Second-Order Linear Ordinary Differential Equation Boundary-Value Problem \040Ross B. Alexander}{}% 1
\BOOKMARK [1][-]{section.1}{Model Problem}{Doc-Start}% 2
\BOOKMARK [1][-]{section.2}{Analytical Solution}{Doc-Start}% 3
\BOOKMARK [2][-]{subsection.2.1}{Positive ODE}{section.2}% 4
\BOOKMARK [3][-]{subsubsection.2.1.1}{Homogeneous Solution}{subsection.2.1}% 5
\BOOKMARK [3][-]{subsubsection.2.1.2}{Particular Solution}{subsection.2.1}% 6
\BOOKMARK [3][-]{subsubsection.2.1.3}{Boundary Conditions}{subsection.2.1}% 7
\BOOKMARK [3][-]{subsubsection.2.1.4}{Analytical Solution}{subsection.2.1}% 8
\BOOKMARK [2][-]{subsection.2.2}{Negative ODE}{section.2}% 9
\BOOKMARK [3][-]{subsubsection.2.2.1}{Homogeneous Solution}{subsection.2.2}% 10
\BOOKMARK [3][-]{subsubsection.2.2.2}{Particular Solution}{subsection.2.2}% 11
\BOOKMARK [3][-]{subsubsection.2.2.3}{Boundary Conditions}{subsection.2.2}% 12
\BOOKMARK [3][-]{subsubsection.2.2.4}{Analytical Solution}{subsection.2.2}% 13
\BOOKMARK [1][-]{section.3}{Numerical Methods}{Doc-Start}% 14
\BOOKMARK [2][-]{subsection.3.1}{Derivations}{section.3}% 15
\BOOKMARK [3][-]{subsubsection.3.1.1}{Second-Order Second-Derivative Finite Difference Method}{subsection.3.1}% 16
\BOOKMARK [3][-]{subsubsection.3.1.2}{Fourth-Order Second-Derivative Finite Difference Method}{subsection.3.1}% 17
\BOOKMARK [2][-]{subsection.3.2}{Results}{section.3}% 18
\BOOKMARK [3][-]{subsubsection.3.2.1}{Positive ODE}{subsection.3.2}% 19
\BOOKMARK [3][-]{subsubsection.3.2.2}{Negative ODE}{subsection.3.2}% 20
\BOOKMARK [2][-]{subsection.3.3}{Discussion}{section.3}% 21
\BOOKMARK [1][-]{section.4}{Convergence Analysis}{Doc-Start}% 22
\BOOKMARK [2][-]{subsection.4.1}{Rate of Convergence Derivation}{section.4}% 23
\BOOKMARK [2][-]{subsection.4.2}{First-Order First-Derivative Finite Difference Method}{section.4}% 24
\BOOKMARK [3][-]{subsubsection.4.2.1}{Derivation}{subsection.4.2}% 25
\BOOKMARK [3][-]{subsubsection.4.2.2}{Results}{subsection.4.2}% 26
\BOOKMARK [2][-]{subsection.4.3}{Second-Order First-Derivative Finite Difference Method}{section.4}% 27
\BOOKMARK [3][-]{subsubsection.4.3.1}{Derivation}{subsection.4.3}% 28
\BOOKMARK [3][-]{subsubsection.4.3.2}{Results}{subsection.4.3}% 29
\BOOKMARK [2][-]{subsection.4.4}{Fourth-Order First-Derivative Finite Difference Method}{section.4}% 30
\BOOKMARK [3][-]{subsubsection.4.4.1}{Derivation}{subsection.4.4}% 31
\BOOKMARK [3][-]{subsubsection.4.4.2}{Results}{subsection.4.4}% 32
\BOOKMARK [2][-]{subsection.4.5}{Discussion}{section.4}% 33
\BOOKMARK [2][-]{subsection.4.6}{O\(xn\) Comparison of Finite Difference Methods and Extraction Methods}{section.4}% 34
\BOOKMARK [3][-]{subsubsection.4.6.1}{Positive ODE}{subsection.4.6}% 35
\BOOKMARK [3][-]{subsubsection.4.6.2}{Negative ODE}{subsection.4.6}% 36
\BOOKMARK [3][-]{subsubsection.4.6.3}{Discussion}{subsection.4.6}% 37
\BOOKMARK [1][-]{appendix.A}{u\(x\) v. uexact\(x\) Tables}{Doc-Start}% 38
\BOOKMARK [2][-]{subsection.A.1}{Positive ODE with 2nd-Order FDM}{appendix.A}% 39
\BOOKMARK [2][-]{subsection.A.2}{Positive ODE with 4th-Order FDM}{appendix.A}% 40
\BOOKMARK [2][-]{subsection.A.3}{Negative ODE with 2nd-Order FDM}{appendix.A}% 41
\BOOKMARK [2][-]{subsection.A.4}{Negative ODE with 4th-Order FDM}{appendix.A}% 42
\BOOKMARK [1][-]{appendix.B}{MATLAB Code}{Doc-Start}% 43
