\BOOKMARK [0][-]{Doc-Start}{AERO 430 \205 Numerical Simulation \040Exact Solution of the Finite Difference Equations \040Ross B. Alexander}{}% 1
\BOOKMARK [1][-]{section.1}{Model Problems}{Doc-Start}% 2
\BOOKMARK [2][-]{subsection.1.1}{1-D Diffusion Equation}{section.1}% 3
\BOOKMARK [2][-]{subsection.1.2}{1-D Harmonic Wave Equation}{section.1}% 4
\BOOKMARK [2][-]{subsection.1.3}{1-D Convection-Diffusion Equation}{section.1}% 5
\BOOKMARK [2][-]{subsection.1.4}{2-D Orthotropic Diffusion Equation}{section.1}% 6
\BOOKMARK [1][-]{section.2}{Analytical Solutions}{Doc-Start}% 7
\BOOKMARK [2][-]{subsection.2.1}{1-D Diffusion Equation}{section.2}% 8
\BOOKMARK [2][-]{subsection.2.2}{1-D Harmonic Wave Equation}{section.2}% 9
\BOOKMARK [2][-]{subsection.2.3}{1-D Convection-Diffusion Equation}{section.2}% 10
\BOOKMARK [2][-]{subsection.2.4}{2-D Orthotropic Diffusion Equation}{section.2}% 11
\BOOKMARK [1][-]{section.3}{Quantities of Interest}{Doc-Start}% 12
\BOOKMARK [2][-]{subsection.3.1}{1-D Diffusion Equation}{section.3}% 13
\BOOKMARK [2][-]{subsection.3.2}{1-D Harmonic Wave Equation}{section.3}% 14
\BOOKMARK [2][-]{subsection.3.3}{1-D Convection-Diffusion Equation}{section.3}% 15
\BOOKMARK [2][-]{subsection.3.4}{2-D Orthotropic Diffusion Equation}{section.3}% 16
\BOOKMARK [1][-]{section.4}{Numerical Methods}{Doc-Start}% 17
\BOOKMARK [2][-]{subsection.4.1}{1-D Diffusion Equation}{section.4}% 18
\BOOKMARK [3][-]{subsubsection.4.1.1}{2nd-Order Central Difference Scheme - Exact Finite Difference Method}{subsection.4.1}% 19
\BOOKMARK [3][-]{subsubsection.4.1.2}{4th-Order Central Difference Scheme - Exact Finite Difference Method}{subsection.4.1}% 20
\BOOKMARK [2][-]{subsection.4.2}{1-D Harmonic Wave Equation}{section.4}% 21
\BOOKMARK [3][-]{subsubsection.4.2.1}{2nd-Order Central Difference Scheme - Exact Finite Difference Method}{subsection.4.2}% 22
\BOOKMARK [3][-]{subsubsection.4.2.2}{4th-Order Central Difference Scheme - Exact Finite Difference Method}{subsection.4.2}% 23
\BOOKMARK [2][-]{subsection.4.3}{1-D Convection-Diffusion Equation}{section.4}% 24
\BOOKMARK [3][-]{subsubsection.4.3.1}{2nd-Order Central Difference Scheme - Exact Finite Difference Method}{subsection.4.3}% 25
\BOOKMARK [3][-]{subsubsection.4.3.2}{4th-Order Central Difference Scheme - Exact Finite Difference Method}{subsection.4.3}% 26
\BOOKMARK [2][-]{subsection.4.4}{2-D Orthotropic Diffusion Equation}{section.4}% 27
\BOOKMARK [3][-]{subsubsection.4.4.1}{2nd-Order Central Difference Scheme - Exact Finite Difference Method}{subsection.4.4}% 28
\BOOKMARK [3][-]{subsubsection.4.4.2}{4th-Order Central Difference Scheme - Exact Finite Difference Method}{subsection.4.4}% 29
\BOOKMARK [1][-]{section.5}{Convergence Analysis}{Doc-Start}% 30
\BOOKMARK [2][-]{subsection.5.1}{Rate of Convergence Derivation}{section.5}% 31
\BOOKMARK [2][-]{subsection.5.2}{1-D Diffusion Equation}{section.5}% 32
\BOOKMARK [3][-]{subsubsection.5.2.1}{2nd-Order Central Difference Scheme}{subsection.5.2}% 33
\BOOKMARK [3][-]{subsubsection.5.2.2}{4th-Order Central Difference Scheme}{subsection.5.2}% 34
\BOOKMARK [2][-]{subsection.5.3}{1-D Harmonic Wave Equation}{section.5}% 35
\BOOKMARK [3][-]{subsubsection.5.3.1}{2nd-Order Central Difference Scheme}{subsection.5.3}% 36
\BOOKMARK [3][-]{subsubsection.5.3.2}{4th-Order Central Difference Scheme}{subsection.5.3}% 37
\BOOKMARK [2][-]{subsection.5.4}{1-D Convection-Diffusion Equation}{section.5}% 38
\BOOKMARK [3][-]{subsubsection.5.4.1}{2nd-Order Central Difference Scheme}{subsection.5.4}% 39
\BOOKMARK [3][-]{subsubsection.5.4.2}{4th-Order Central Difference Scheme}{subsection.5.4}% 40
\BOOKMARK [2][-]{subsection.5.5}{2-D Orthotropic Diffusion Equation}{section.5}% 41
\BOOKMARK [3][-]{subsubsection.5.5.1}{2nd-Order Central Difference Scheme}{subsection.5.5}% 42
\BOOKMARK [3][-]{subsubsection.5.5.2}{4th-Order Central Difference Scheme}{subsection.5.5}% 43
\BOOKMARK [1][-]{section.6}{Discussion}{Doc-Start}% 44
\BOOKMARK [1][-]{appendix.A}{MATLAB Code}{Doc-Start}% 45
\BOOKMARK [2][-]{subsection.A.1}{fp\1371d\137diffusion.m}{appendix.A}% 46
\BOOKMARK [2][-]{subsection.A.2}{fp\1371d\137wave.m}{appendix.A}% 47
\BOOKMARK [2][-]{subsection.A.3}{fp\1371d\137convection.m}{appendix.A}% 48
\BOOKMARK [2][-]{subsection.A.4}{fp\1372d\137diffusion.m}{appendix.A}% 49
